Build started 2016/1/7 11:16:01.
     1>Project "E:\VS2010\Workspace\NewGraph\NewGraph.vcxproj" on node 2 (rebuild target(s)).
     1>_PrepareForClean:
         Deleting file "Debug\NewGraph.lastbuildstate".
       InitializeBuildStatus:
         Creating "Debug\NewGraph.unsuccessfulbuild" because "AlwaysCreate" was specified.
       ClCompile:
         E:\VS2010\VC\bin\CL.exe /c /ZI /nologo /W3 /WX- /Od /Oy- /D CODE_ANALYSIS /D _MBCS /Gm /EHsc /RTC1 /MDd /GS /fp:precise /Zc:wchar_t /Zc:forScope /Fo"Debug\\" /Fd"Debug\vc100.pdb" /Gd /TP /analyze /errorReport:prompt NewGraphTest.cpp
         NewGraphTest.cpp
     1>e:\vs2010\vc\include\adt_vector.h(87): warning C6386: Buffer overrun: accessing 'DataBuff', the writable size is '((unsigned int)=c*1)*32' bytes, but '64' bytes might be written: Lines: 82, 83, 84, 85, 87
                 e:\vs2010\vc\include\ADT_Vector.h(81) : while compiling class template member function 'SVector<T>::SVector(int,int,T)'
                 with
                 [
                     T=Vertex<int>
                 ]
                 e:\vs2010\workspace\newgraph\NewGraphMatrix.h(32) : see reference to class template instantiation 'SVector<T>' being compiled
                 with
                 [
                     T=Vertex<int>
                 ]
                 NewGraphTest.cpp(9) : see reference to class template instantiation 'GraphMatrix<Tv,Te>' being compiled
                 with
                 [
                     Tv=int,
                     Te=char
                 ]
     1>e:\vs2010\vc\include\adt_vector.h(87): warning C6386: Buffer overrun: accessing 'DataBuff', the writable size is '((unsigned int)=c*1)*16+4' bytes, but '32' bytes might be written: Lines: 81, 82, 83, 84, 85, 87
                 e:\vs2010\vc\include\ADT_Vector.h(81) : while compiling class template member function 'SVector<T>::SVector(int,int,T)'
                 with
                 [
                     T=SVector<Edge<char> *>
                 ]
                 e:\vs2010\workspace\newgraph\NewGraphMatrix.h(33) : see reference to class template instantiation 'SVector<T>' being compiled
                 with
                 [
                     T=SVector<Edge<char> *>
                 ]
     1>e:\vs2010\vc\include\adt_vector.h(87): warning C6386: Buffer overrun: accessing 'DataBuff', the writable size is 'c*4' bytes, but '8' bytes might be written: Lines: 82, 83, 84, 85, 87
                 e:\vs2010\vc\include\ADT_Vector.h(81) : while compiling class template member function 'SVector<T>::SVector(int,int,T)'
                 with
                 [
                     T=Edge<char> *
                 ]
                 e:\vs2010\vc\include\ADT_Vector.h(81) : see reference to class template instantiation 'SVector<T>' being compiled
                 with
                 [
                     T=Edge<char> *
                 ]
                 e:\vs2010\workspace\newgraph\NewGraphMatrix.h(36) : while compiling class template member function 'GraphMatrix<Tv,Te>::GraphMatrix(void)'
                 with
                 [
                     Tv=int,
                     Te=char
                 ]
       Link:
         E:\VS2010\VC\bin\link.exe /ERRORREPORT:PROMPT /OUT:"E:\VS2010\Workspace\NewGraph\Debug\NewGraph.exe" /NOLOGO kernel32.lib user32.lib gdi32.lib winspool.lib comdlg32.lib advapi32.lib shell32.lib ole32.lib oleaut32.lib uuid.lib odbc32.lib odbccp32.lib /MANIFEST /ManifestFile:"Debug\NewGraph.exe.intermediate.manifest" /MANIFESTUAC:"level='asInvoker' uiAccess='false'" /DEBUG /PDB:"E:\VS2010\Workspace\NewGraph\Debug\NewGraph.pdb" /TLBID:1 /DYNAMICBASE /NXCOMPAT /IMPLIB:"E:\VS2010\Workspace\NewGraph\Debug\NewGraph.lib" /MACHINE:X86 Debug\NewGraphTest.obj
         NewGraph.vcxproj -> E:\VS2010\Workspace\NewGraph\Debug\NewGraph.exe
       Manifest:
         C:\Program Files (x86)\Microsoft SDKs\Windows\v7.0A\bin\mt.exe /nologo /verbose /outputresource:"E:\VS2010\Workspace\NewGraph\Debug\NewGraph.exe;#1" /manifest Debug\NewGraph.exe.intermediate.manifest
       RunCodeAnalysis:
         Running Code Analysis...
         E:\VS2010\Team Tools\Static Analysis Tools\FxCop\FxCopCmd.exe  /outputCulture:1033 /out:"E:\VS2010\Workspace\NewGraph\Debug\NewGraph.exe.CodeAnalysisLog.xml" /file:"E:\VS2010\Workspace\NewGraph\Debug\NewGraph.exe" /reference:"C:\Program Files (x86)\Reference Assemblies\Microsoft\Framework\.NETFramework\v4.0\System.Core.dll" /directory:"C:\Program Files (x86)\Reference Assemblies\Microsoft\Framework\.NETFramework\v4.0" /ruleSet:"=MinimumRecommendedRules.ruleset" /rulesetdirectory:"E:\VS2010\Team Tools\Static Analysis Tools\\Rule Sets" /rule:"-E:\VS2010\Team Tools\Static Analysis Tools\FxCop\\Rules" /searchgac /ignoreinvalidtargets /forceoutput /successfile /ignoregeneratedcode /saveMessagesToReport:Active /timeout:120 
         Code Analysis Complete -- 0 error(s), 0 warning(s)
       FinalizeBuildStatus:
         Deleting file "Debug\NewGraph.unsuccessfulbuild".
         Touching "Debug\NewGraph.lastbuildstate".
     1>Done Building Project "E:\VS2010\Workspace\NewGraph\NewGraph.vcxproj" (rebuild target(s)).

Build succeeded.

Time Elapsed 00:00:02.49
