E:\VS2010\Workspace\NewGraph\Debug\cl.command.1.tlog
E:\VS2010\Workspace\NewGraph\Debug\CL.read.1.tlog
E:\VS2010\Workspace\NewGraph\Debug\CL.write.1.tlog
E:\VS2010\Workspace\NewGraph\Debug\link.command.1.tlog
E:\VS2010\Workspace\NewGraph\Debug\link.read.1.tlog
E:\VS2010\Workspace\NewGraph\Debug\link.write.1.tlog
E:\VS2010\Workspace\NewGraph\Debug\mt.command.1.tlog
E:\VS2010\Workspace\NewGraph\Debug\mt.read.1.tlog
E:\VS2010\Workspace\NewGraph\Debug\mt.write.1.tlog
E:\VS2010\WORKSPACE\NEWGRAPH\DEBUG\NEWGRAPH.EXE
E:\VS2010\Workspace\NewGraph\Debug\NewGraph.exe.CodeAnalysisLog.xml
E:\VS2010\WORKSPACE\NEWGRAPH\DEBUG\NEWGRAPH.EXE.INTERMEDIATE.MANIFEST
E:\VS2010\Workspace\NewGraph\Debug\NewGraph.exe.lastcodeanalysissucceeded
E:\VS2010\WORKSPACE\NEWGRAPH\DEBUG\NEWGRAPH.ILK
E:\VS2010\WORKSPACE\NEWGRAPH\DEBUG\NEWGRAPH.PDB
E:\VS2010\Workspace\NewGraph\Debug\NewGraph.vcxprojResolveAssemblyReference.cache
E:\VS2010\Workspace\NewGraph\Debug\NewGraph.write.1.tlog
E:\VS2010\WORKSPACE\NEWGRAPH\DEBUG\NEWGRAPHTEST.OBJ
E:\VS2010\Workspace\NewGraph\Debug\vc100.idb
E:\VS2010\WORKSPACE\NEWGRAPH\DEBUG\VC100.PDB
