Build started 2016/1/12 16:11:45.
     1>Project "E:\VS2010\Workspace\NewGraph\NewGraph.vcxproj" on node 3 (build target(s)).
     1>InitializeBuildStatus:
         Creating "Release\NewGraph.unsuccessfulbuild" because "AlwaysCreate" was specified.
       ClCompile:
         E:\VS2010\VC\bin\CL.exe /c /Zi /nologo /W3 /WX- /O2 /Oi /Oy- /GL /D _MBCS /Gm- /EHsc /MD /GS /Gy /fp:precise /Zc:wchar_t /Zc:forScope /Fo"Release\\" /Fd"Release\vc100.pdb" /Gd /TP /analyze- /errorReport:prompt NewGraphTest.cpp
         NewGraphTest.cpp
       Link:
         E:\VS2010\VC\bin\link.exe /ERRORREPORT:PROMPT /OUT:"E:\VS2010\dsa\dsa\src\Release\NewGraph.exe" /NOLOGO kernel32.lib user32.lib gdi32.lib winspool.lib comdlg32.lib advapi32.lib shell32.lib ole32.lib oleaut32.lib uuid.lib odbc32.lib odbccp32.lib /MANIFEST /ManifestFile:"Release\NewGraph.exe.intermediate.manifest" /MANIFESTUAC:"level='asInvoker' uiAccess='false'" /DEBUG /PDB:"E:\VS2010\dsa\dsa\src\Release\NewGraph.pdb" /OPT:REF /OPT:ICF /LTCG /TLBID:1 /DYNAMICBASE /NXCOMPAT /IMPLIB:"E:\VS2010\dsa\dsa\src\Release\NewGraph.lib" /MACHINE:X86 Release\NewGraphTest.obj
         Generating code
         Finished generating code
         NewGraph.vcxproj -> E:\VS2010\dsa\dsa\src\Release\NewGraph.exe
       Manifest:
         C:\Program Files (x86)\Microsoft SDKs\Windows\v7.0A\bin\mt.exe /nologo /verbose /outputresource:"E:\VS2010\dsa\dsa\src\Release\NewGraph.exe;#1" /manifest Release\NewGraph.exe.intermediate.manifest
       FinalizeBuildStatus:
         Deleting file "Release\NewGraph.unsuccessfulbuild".
         Touching "Release\NewGraph.lastbuildstate".
     1>Done Building Project "E:\VS2010\Workspace\NewGraph\NewGraph.vcxproj" (build target(s)).

Build succeeded.

Time Elapsed 00:00:01.23
