Build started 2016/1/29 14:56:16.
     1>Project "E:\VS2010\Workspace\HashTable\HashTable.vcxproj" on node 2 (build target(s)).
     1>InitializeBuildStatus:
         Creating "Debug\HashTable.unsuccessfulbuild" because "AlwaysCreate" was specified.
       ClCompile:
         E:\VS2010\VC\bin\CL.exe /c /ZI /nologo /W3 /WX- /Od /Oy- /D _MBCS /Gm /EHsc /RTC1 /MDd /GS /fp:precise /Zc:wchar_t /Zc:forScope /Fo"Debug\\" /Fd"Debug\vc100.pdb" /Gd /TP /analyze- /errorReport:prompt HashTableTest.cpp
         HashTableTest.cpp
     1>e:\vs2010\vc\include\bitmap.h(42): warning C4996: 'fopen': This function or variable may be unsafe. Consider using fopen_s instead. To disable deprecation, use _CRT_SECURE_NO_WARNINGS. See online help for details.
                 e:\vs2010\vc\include\stdio.h(234) : see declaration of 'fopen'
     1>e:\vs2010\vc\include\bitmap.h(68): warning C4800: 'int' : forcing value to bool 'true' or 'false' (performance warning)
     1>e:\vs2010\vc\include\bitmap.h(72): warning C4996: 'fopen': This function or variable may be unsafe. Consider using fopen_s instead. To disable deprecation, use _CRT_SECURE_NO_WARNINGS. See online help for details.
                 e:\vs2010\vc\include\stdio.h(234) : see declaration of 'fopen'
       Link:
         E:\VS2010\VC\bin\link.exe /ERRORREPORT:PROMPT /OUT:"E:\VS2010\Workspace\SkipListNHashTable\Debug\HashTable.exe" /NOLOGO kernel32.lib user32.lib gdi32.lib winspool.lib comdlg32.lib advapi32.lib shell32.lib ole32.lib oleaut32.lib uuid.lib odbc32.lib odbccp32.lib /MANIFEST /ManifestFile:"Debug\HashTable.exe.intermediate.manifest" /MANIFESTUAC:"level='asInvoker' uiAccess='false'" /DEBUG /PDB:"E:\VS2010\Workspace\SkipListNHashTable\Debug\HashTable.pdb" /TLBID:1 /DYNAMICBASE /NXCOMPAT /IMPLIB:"E:\VS2010\Workspace\SkipListNHashTable\Debug\HashTable.lib" /MACHINE:X86 Debug\HashTableTest.obj
         LINK : E:\VS2010\Workspace\SkipListNHashTable\Debug\HashTable.exe not found or not built by the last incremental link; performing full link
         HashTable.vcxproj -> E:\VS2010\Workspace\SkipListNHashTable\Debug\HashTable.exe
       Manifest:
         C:\Program Files (x86)\Microsoft SDKs\Windows\v7.0A\bin\mt.exe /nologo /verbose /outputresource:"E:\VS2010\Workspace\SkipListNHashTable\Debug\HashTable.exe;#1" /manifest Debug\HashTable.exe.intermediate.manifest
       FinalizeBuildStatus:
         Deleting file "Debug\HashTable.unsuccessfulbuild".
         Touching "Debug\HashTable.lastbuildstate".
     1>Done Building Project "E:\VS2010\Workspace\HashTable\HashTable.vcxproj" (build target(s)).

Build succeeded.

Time Elapsed 00:00:00.90
